autoscan: warning: missing AC_CHECK_FUNCS([clock_gettime]) wanted by: 
	src/queue.c:41
autoscan: warning: missing AC_CHECK_FUNCS([dup2]) wanted by: 
	src/common.c:357
	src/common.c:359
autoscan: warning: missing AC_CHECK_FUNCS([ftruncate]) wanted by: 
	src/datafile.c:190
autoscan: warning: missing AC_CHECK_FUNCS([getcwd]) wanted by: 
	src/oper_save.c:1144
autoscan: warning: missing AC_CHECK_FUNCS([getpass]) wanted by: 
	src/fsarchiver.c:357
	src/fsarchiver.c:369
autoscan: warning: missing AC_CHECK_FUNCS([gettimeofday]) wanted by: 
	src/oper_save.c:857
	src/common.c:218
	src/common.c:424
autoscan: warning: missing AC_CHECK_FUNCS([lchown]) wanted by: 
	src/oper_restore.c:285
autoscan: warning: missing AC_CHECK_FUNCS([localtime_r]) wanted by: 
	src/common.c:426
	src/common.c:486
autoscan: warning: missing AC_CHECK_FUNCS([memset]) wanted by: 
	src/regmulti.c:168
	src/strdico.c:117
	src/strdico.c:118
	src/strdico.c:216
	src/strdico.c:244
	src/fs_vfat.c:47
	src/fs_vfat.c:91
	src/fs_vfat.c:92
	src/fs_vfat.c:176
	src/thread_comp.c:164
	src/thread_comp.c:211
	src/thread_comp.c:220
	src/thread_comp.c:228
	src/thread_comp.c:237
	src/dichl.c:77
	src/archinfo.c:95
	src/fs_ntfs.c:54
	src/fs_ntfs.c:149
	src/fs_ntfs.c:150
	src/queue.c:255
	src/queue.c:642
	src/queue.c:666
	src/dico.c:82
	src/dico.c:284
	src/fs_jfs.c:53
	src/fs_jfs.c:68
	src/fs_jfs.c:124
	src/fs_reiser4.c:54
	src/fs_reiser4.c:125
	src/strlist.c:85
	src/strlist.c:179
	src/devinfo.c:57
	src/options.c:32
	src/options.c:42
	src/fs_xfs.c:102
	src/fs_xfs.c:103
	src/fs_xfs.c:104
	src/fs_xfs.c:318
	src/fs_xfs.c:382
	src/archreader.c:43
	src/archreader.c:282
	src/archreader.c:364
	src/archreader.c:453
	src/archreader.c:532
	src/fsarchiver.c:178
	src/oper_probe.c:151
	src/filesys.c:84
	src/filesys.c:171
	src/filesys.c:172
	src/oper_restore.c:173
	src/oper_restore.c:205
	src/oper_restore.c:246
	src/oper_restore.c:607
	src/oper_restore.c:761
	src/oper_restore.c:762
	src/oper_restore.c:987
	src/oper_restore.c:1057
	src/oper_restore.c:1144
	src/oper_restore.c:1145
	src/oper_restore.c:1200
	src/oper_restore.c:1201
	src/oper_restore.c:1202
	src/oper_restore.c:1203
	src/oper_restore.c:1305
	src/oper_restore.c:1367
	src/oper_restore.c:1536
	src/oper_restore.c:1572
	src/oper_save.c:105
	src/oper_save.c:188
	src/oper_save.c:199
	src/oper_save.c:205
	src/oper_save.c:273
	src/oper_save.c:458
	src/oper_save.c:459
	src/oper_save.c:629
	src/oper_save.c:886
	src/oper_save.c:1167
	src/oper_save.c:1185
	src/oper_save.c:1325
	src/oper_save.c:1340
	src/archwriter.c:47
	src/archwriter.c:83
	src/fs_btrfs.c:88
	src/fs_btrfs.c:152
	src/crypto.c:115
	src/error.c:41
	src/fs_ext2.c:169
	src/fs_ext2.c:344
	src/fs_ext2.c:406
	src/fs_ext2.c:408
	src/fs_ext2.c:416
	src/fs_ext2.c:450
	src/fs_ext2.c:586
	src/fs_ext2.c:587
	src/common.c:52
	src/common.c:62
	src/common.c:116
	src/common.c:216
	src/common.c:269
	src/common.c:309
	src/common.c:316
	src/common.c:318
	src/common.c:319
	src/common.c:470
	src/common.c:565
	src/common.c:612
	src/fs_reiserfs.c:53
	src/fs_reiserfs.c:125
autoscan: warning: missing AC_CHECK_FUNCS([mkdir]) wanted by: 
	src/common.c:119
autoscan: warning: missing AC_CHECK_FUNCS([realpath]) wanted by: 
	src/common.c:607
autoscan: warning: missing AC_CHECK_FUNCS([rmdir]) wanted by: 
	src/oper_restore.c:1342
	src/oper_save.c:1388
autoscan: warning: missing AC_CHECK_FUNCS([setenv]) wanted by: 
	src/common.c:361
autoscan: warning: missing AC_CHECK_FUNCS([strdup]) wanted by: 
	src/strdico.c:86
	src/strdico.c:109
	src/strdico.c:171
autoscan: warning: missing AC_CHECK_FUNCS([strstr]) wanted by: 
	src/fs_ntfs.c:185
	src/fs_ntfs.c:187
autoscan: warning: missing AC_CHECK_FUNCS([uname]) wanted by: 
	src/filesys.c:169
autoscan: warning: missing AC_CHECK_HEADERS([limits.h]) wanted by: 
	src/logfile.c:29
	src/queue.c:27
	src/devinfo.c:32
	src/archwriter.h:21
	src/archreader.h:21
	src/datafile.c:28
	src/common.c:35
autoscan: warning: missing AC_CHECK_HEADERS([sys/statvfs.h]) wanted by: 
	src/archreader.c:26
	src/oper_save.c:30
	src/archwriter.c:26
autoscan: warning: missing AC_CHECK_HEADERS([sys/time.h]) wanted by: 
	src/oper_restore.c:28
	src/oper_save.c:27
	src/common.c:27
autoscan: warning: missing AC_CHECK_HEADERS([sys/vfs.h]) wanted by: 
	src/filesys.c:26
autoscan: warning: missing AC_CHECK_HEADER_STDBOOL wanted by: 
	src/regmulti.c:73
	src/queue.c:107
	src/queue.c:121
	src/queue.c:123
	src/queue.c:135
	src/queue.c:137
	src/queue.c:613
	src/filesys.h:38
	src/filesys.h:39
	src/filesys.h:40
	src/filesys.h:41
	src/filesys.h:42
	src/syncthread.c:46
	src/syncthread.c:69
	src/error.h:37
	src/error.h:37
	src/archreader.c:143
	src/archreader.c:269
	src/fsarchiver.c:57
	src/fsarchiver.c:163
	src/fsarchiver.c:166
	src/oper_probe.h:21
	src/oper_probe.c:33
	src/oper_probe.c:166
	src/archwriter.h:36
	src/archwriter.h:54
	src/archwriter.h:57
	src/syncthread.h:27
	src/syncthread.h:31
	src/archreader.h:55
	src/archreader.h:60
	src/queue.h:50
	src/queue.h:76
	src/queue.h:103
	src/queue.h:104
	src/datafile.c:38
	src/datafile.c:39
	src/datafile.c:40
	src/datafile.c:69
	src/datafile.c:69
	src/datafile.c:107
	src/oper_restore.c:747
	src/oper_restore.c:748
	src/oper_restore.c:749
	src/oper_restore.c:754
	src/oper_save.c:77
	src/oper_save.c:142
	src/regmulti.h:45
	src/archwriter.c:239
	src/archwriter.c:287
	src/error.c:32
	src/error.c:32
	src/error.c:36
	src/error.c:37
	src/datafile.h:28
	src/datafile.h:28
	src/options.h:28
	src/options.h:29
	src/options.h:30
	src/options.h:31
	src/thread_archio.c:63
	src/thread_archio.c:107
	src/thread_archio.c:118
	src/thread_archio.c:156
	src/thread_archio.c:172
	src/thread_archio.c:172
	src/thread_archio.c:202
	src/thread_archio.c:238
	src/thread_archio.c:246
	src/regmulti.c:77
	src/regmulti.c:81
	src/regmulti.c:83
	src/strdico.c:176
	src/strdico.c:178
	src/strdico.c:185
	src/fs_vfat.c:173
	src/fs_vfat.c:180
	src/fs_vfat.c:187
	src/thread_comp.c:258
	src/fs_ntfs.c:230
	src/fs_ntfs.c:234
	src/fs_ntfs.c:239
	src/queue.c:61
	src/queue.c:391
	src/queue.c:438
	src/queue.c:500
	src/queue.c:572
	src/queue.c:619
	src/queue.c:623
	src/queue.c:629
	src/queue.c:648
	src/queue.c:704
	src/syncthread.c:38
	src/syncthread.c:39
	src/syncthread.c:97
	src/fs_jfs.c:154
	src/fs_jfs.c:158
	src/fs_jfs.c:163
	src/fs_jfs.c:168
	src/fs_reiser4.c:167
	src/fs_reiser4.c:171
	src/fs_reiser4.c:176
	src/fs_reiser4.c:181
	src/strlist.c:202
	src/strlist.c:209
	src/devinfo.c:76
	src/devinfo.c:77
	src/fs_xfs.c:379
	src/fs_xfs.c:386
	src/fs_xfs.c:393
	src/archreader.c:52
	src/archreader.c:367
	src/archreader.c:533
	src/fsarchiver.c:64
	src/fsarchiver.c:69
	src/fsarchiver.c:182
	src/fsarchiver.c:183
	src/fsarchiver.c:184
	src/fsarchiver.c:185
	src/fsarchiver.c:227
	src/fsarchiver.c:239
	src/fsarchiver.c:252
	src/fsarchiver.c:265
	src/fsarchiver.c:277
	src/fsarchiver.c:288
	src/fsarchiver.c:323
	src/fsarchiver.c:333
	src/fsarchiver.c:340
	src/fsarchiver.c:391
	src/fsarchiver.c:433
	src/oper_probe.c:138
	src/oper_probe.c:139
	src/oper_probe.c:140
	src/oper_probe.c:141
	src/oper_probe.c:142
	src/oper_probe.c:143
	src/oper_probe.c:146
	src/oper_probe.c:202
	src/oper_probe.c:214
	src/datafile.c:52
	src/datafile.c:53
	src/datafile.c:54
	src/datafile.c:78
	src/datafile.c:112
	src/datafile.c:128
	src/datafile.c:188
	src/datafile.c:197
	src/filesys.c:49
	src/filesys.c:49
	src/filesys.c:50
	src/filesys.c:50
	src/filesys.c:51
	src/filesys.c:51
	src/filesys.c:52
	src/filesys.c:52
	src/filesys.c:53
	src/filesys.c:53
	src/filesys.c:54
	src/filesys.c:54
	src/filesys.c:55
	src/filesys.c:55
	src/filesys.c:56
	src/filesys.c:56
	src/filesys.c:57
	src/filesys.c:57
	src/filesys.c:57
	src/filesys.c:58
	src/filesys.c:58
	src/filesys.c:58
	src/filesys.c:58
	src/filesys.c:59
	src/filesys.c:59
	src/filesys.c:59
	src/filesys.c:59
	src/filesys.c:59
	src/filesys.c:114
	src/filesys.c:151
	src/oper_restore.c:106
	src/oper_restore.c:695
	src/oper_restore.c:695
	src/oper_restore.c:747
	src/oper_restore.c:748
	src/oper_restore.c:749
	src/oper_restore.c:753
	src/oper_restore.c:754
	src/oper_restore.c:781
	src/oper_restore.c:794
	src/oper_restore.c:798
	src/oper_restore.c:798
	src/oper_restore.c:827
	src/oper_restore.c:830
	src/oper_restore.c:830
	src/oper_restore.c:845
	src/oper_restore.c:896
	src/oper_restore.c:1036
	src/oper_restore.c:1161
	src/oper_restore.c:1331
	src/oper_restore.c:1531
	src/oper_restore.c:1542
	src/oper_restore.c:1589
	src/oper_restore.c:1589
	src/oper_restore.c:1606
	src/oper_save.c:117
	src/oper_save.c:142
	src/oper_save.c:167
	src/oper_save.c:180
	src/oper_save.c:627
	src/oper_save.c:764
	src/oper_save.c:915
	src/oper_save.c:930
	src/oper_save.c:1040
	src/oper_save.c:1040
	src/oper_save.c:1046
	src/oper_save.c:1048
	src/oper_save.c:1186
	src/oper_save.c:1321
	src/oper_save.c:1330
	src/oper_save.c:1342
	src/oper_save.c:1350
	src/oper_save.c:1368
	src/archwriter.c:49
	src/archwriter.c:236
	src/archwriter.c:343
	src/archwriter.c:353
	src/archwriter.c:358
	src/fs_btrfs.c:196
	src/fs_btrfs.c:200
	src/fs_btrfs.c:205
	src/fs_btrfs.c:210
	src/fs_ext2.c:535
	src/fs_ext2.c:594
	src/fs_ext2.c:596
	src/fs_ext2.c:603
	src/common.c:254
	src/common.c:441
	src/common.c:592
	src/fs_reiserfs.c:160
	src/fs_reiserfs.c:164
	src/fs_reiserfs.c:169
	src/fs_reiserfs.c:175
	src/thread_archio.c:95
	src/thread_archio.c:174
	src/thread_archio.c:200
	src/thread_archio.c:203
	src/thread_archio.c:240
	src/thread_archio.c:270
	src/regmulti.c:84
	src/strdico.c:181
	src/fs_vfat.c:191
	src/fs_ntfs.c:243
	src/queue.c:130
	src/queue.c:143
	src/queue.c:212
	src/queue.c:213
	src/queue.c:287
	src/queue.c:288
	src/queue.c:480
	src/queue.c:612
	src/queue.c:625
	src/queue.c:627
	src/syncthread.c:36
	src/syncthread.c:43
	src/syncthread.c:71
	src/syncthread.c:71
	src/syncthread.c:74
	src/syncthread.c:82
	src/syncthread.c:83
	src/syncthread.c:91
	src/syncthread.c:92
	src/fs_jfs.c:172
	src/fs_reiser4.c:185
	src/strlist.c:76
	src/strlist.c:207
	src/devinfo.c:84
	src/devinfo.c:146
	src/fs_xfs.c:397
	src/archreader.c:303
	src/archreader.c:303
	src/archreader.c:308
	src/archreader.c:491
	src/archreader.c:541
	src/fsarchiver.c:62
	src/fsarchiver.c:67
	src/fsarchiver.c:98
	src/fsarchiver.c:98
	src/fsarchiver.c:101
	src/fsarchiver.c:163
	src/fsarchiver.c:202
	src/fsarchiver.c:205
	src/fsarchiver.c:208
	src/fsarchiver.c:211
	src/fsarchiver.c:274
	src/fsarchiver.c:303
	src/fsarchiver.c:308
	src/fsarchiver.c:313
	src/fsarchiver.c:318
	src/fsarchiver.c:328
	src/fsarchiver.c:338
	src/fsarchiver.c:345
	src/fsarchiver.c:367
	src/fsarchiver.c:393
	src/fsarchiver.c:397
	src/oper_probe.c:144
	src/oper_probe.c:145
	src/oper_probe.c:202
	src/oper_probe.c:214
	src/archwriter.h:36
	src/syncthread.h:25
	src/syncthread.h:27
	src/syncthread.h:27
	src/syncthread.h:27
	src/archreader.h:42
	src/queue.h:50
	src/queue.h:76
	src/datafile.c:38
	src/datafile.c:39
	src/datafile.c:40
	src/datafile.c:100
	src/datafile.c:107
	src/datafile.c:110
	src/datafile.c:130
	src/datafile.c:188
	src/datafile.c:190
	src/filesys.c:49
	src/filesys.c:49
	src/filesys.c:49
	src/filesys.c:50
	src/filesys.c:50
	src/filesys.c:50
	src/filesys.c:51
	src/filesys.c:51
	src/filesys.c:51
	src/filesys.c:52
	src/filesys.c:52
	src/filesys.c:52
	src/filesys.c:53
	src/filesys.c:53
	src/filesys.c:53
	src/filesys.c:54
	src/filesys.c:54
	src/filesys.c:54
	src/filesys.c:55
	src/filesys.c:55
	src/filesys.c:55
	src/filesys.c:56
	src/filesys.c:56
	src/filesys.c:56
	src/filesys.c:57
	src/filesys.c:57
	src/filesys.c:58
	src/filesys.c:110
	src/filesys.c:244
	src/filesys.c:280
	src/oper_restore.c:66
	src/oper_restore.c:76
	src/oper_restore.c:77
	src/oper_restore.c:80
	src/oper_restore.c:97
	src/oper_restore.c:98
	src/oper_restore.c:101
	src/oper_restore.c:350
	src/oper_restore.c:438
	src/oper_restore.c:495
	src/oper_restore.c:546
	src/oper_restore.c:678
	src/oper_restore.c:767
	src/oper_restore.c:777
	src/oper_restore.c:779
	src/oper_restore.c:795
	src/oper_restore.c:802
	src/oper_restore.c:803
	src/oper_restore.c:811
	src/oper_restore.c:812
	src/oper_restore.c:818
	src/oper_restore.c:819
	src/oper_restore.c:820
	src/oper_restore.c:828
	src/oper_restore.c:834
	src/oper_restore.c:840
	src/oper_restore.c:849
	src/oper_restore.c:853
	src/oper_restore.c:857
	src/oper_restore.c:863
	src/oper_restore.c:869
	src/oper_restore.c:870
	src/oper_restore.c:877
	src/oper_restore.c:882
	src/oper_restore.c:884
	src/oper_restore.c:890
	src/oper_restore.c:1002
	src/oper_restore.c:1002
	src/oper_restore.c:1011
	src/oper_restore.c:1011
	src/oper_restore.c:1013
	src/oper_restore.c:1036
	src/oper_restore.c:1505
	src/oper_restore.c:1586
	src/oper_save.c:187
	src/oper_save.c:187
	src/oper_save.c:217
	src/oper_save.c:480
	src/oper_save.c:588
	src/oper_save.c:618
	src/oper_save.c:782
	src/oper_save.c:783
	src/oper_save.c:873
	src/oper_save.c:889
	src/oper_save.c:970
	src/oper_save.c:976
	src/oper_save.c:992
	src/oper_save.c:997
	src/oper_save.c:1018
	src/oper_save.c:1026
	src/oper_save.c:1036
	src/oper_save.c:1050
	src/oper_save.c:1057
	src/oper_save.c:1061
	src/oper_save.c:1068
	src/oper_save.c:1072
	src/oper_save.c:1370
	src/oper_save.c:1382
	src/oper_save.c:1392
	src/archwriter.c:119
	src/archwriter.c:161
	src/archwriter.c:236
	src/archwriter.c:337
	src/archwriter.c:351
	src/fs_btrfs.c:214
	src/fs_ext2.c:527
	src/fs_ext2.c:598
	src/common.c:252
	src/common.c:434
	src/common.c:440
	src/common.c:590
	src/fs_reiserfs.c:179
autoscan: warning: missing AC_CHECK_MEMBERS([struct stat.st_rdev]) wanted by: 
	src/devinfo.c:81
	src/devinfo.c:81
	src/devinfo.c:97
	src/devinfo.c:98
	src/devinfo.c:99
	src/filesys.c:145
	src/filesys.c:145
	src/filesys.c:177
	src/filesys.c:177
	src/filesys.c:212
	src/filesys.c:212
	src/filesys.c:242
	src/oper_save.c:515
	src/oper_save.c:522
	src/oper_save.c:545
	src/oper_save.c:549
	src/oper_save.c:553
	src/oper_save.c:557
autoscan: warning: missing AC_C_INLINE wanted by: 
	src/fs_btrfs.h:79
autoscan: warning: missing AC_FUNC_ERROR_AT_LINE wanted by: 
	src/thread_archio.c:182
	src/fsarchiver.h:91
autoscan: warning: missing AC_FUNC_FORK wanted by: 
	src/common.c:348
autoscan: warning: missing AC_FUNC_MALLOC wanted by: 
	src/regmulti.c:162
	src/writebuf.c:37
	src/writebuf.c:129
	src/strdico.c:49
	src/strdico.c:201
	src/strdico.c:212
	src/strdico.c:217
	src/strdico.c:223
	src/thread_comp.c:52
	src/thread_comp.c:124
	src/thread_comp.c:156
	src/thread_comp.c:179
	src/dichl.c:33
	src/dichl.c:72
	src/dichl.c:78
	src/queue.c:200
	src/queue.c:274
	src/dico.c:36
	src/dico.c:77
	src/dico.c:111
	src/strlist.c:81
	src/strlist.c:89
	src/strlist.c:230
	src/archreader.c:205
	src/archreader.c:501
	src/archreader.c:528
	src/datafile.c:48
	src/oper_save.c:173
	src/oper_save.c:288
	src/oper_save.c:363
autoscan: warning: missing AC_FUNC_REALLOC wanted by: 
	src/writebuf.c:78
autoscan: warning: missing AC_FUNC_STRNLEN wanted by: 
	src/common.c:500
autoscan: warning: missing AC_HEADER_MAJOR wanted by: 
	src/devinfo.c:81
	src/devinfo.c:98
	src/filesys.c:177
	src/filesys.c:212
	src/devinfo.c:81
	src/devinfo.c:99
	src/filesys.c:177
	src/filesys.c:212
autoscan: warning: missing AC_STRUCT_ST_BLOCKS wanted by: 
	src/oper_save.c:540
autoscan: warning: missing AC_TYPE_INT16_T wanted by: 
	src/fs_xfs.h:62
	src/types.h:30
autoscan: warning: missing AC_TYPE_INT32_T wanted by: 
	src/fs_xfs.h:61
	src/fs_xfs.h:66
	src/fs_xfs.h:67
	src/fs_xfs.h:70
	src/types.h:32
autoscan: warning: missing AC_TYPE_INT64_T wanted by: 
	src/fs_xfs.h:63
	src/fs_xfs.h:69
	src/types.h:34
autoscan: warning: missing AC_TYPE_INT8_T wanted by: 
	src/types.h:28
autoscan: warning: missing AC_TYPE_MODE_T wanted by: 
	src/oper_restore.c:292
autoscan: warning: missing AC_TYPE_UID_T wanted by: 
	src/oper_restore.c:285
	src/oper_restore.c:285
autoscan: warning: missing AC_TYPE_UINT16_T wanted by: 
	src/fs_xfs.h:75
	src/fs_xfs.h:115
	src/fs_xfs.h:116
	src/fs_xfs.h:117
	src/fs_xfs.h:118
	src/fs_xfs.h:143
	src/fs_xfs.h:151
	src/types.h:29
autoscan: warning: missing AC_TYPE_UINT32_T wanted by: 
	src/fs_xfs.h:58
	src/fs_xfs.h:59
	src/fs_xfs.h:60
	src/fs_xfs.h:72
	src/fs_xfs.h:73
	src/fs_xfs.h:100
	src/fs_xfs.h:101
	src/fs_xfs.h:147
	src/fs_xfs.h:148
	src/fs_xfs.h:152
	src/fs_xfs.h:153
	src/fs_xfs.h:164
	src/fs_xfs.h:169
	src/fs_xfs.h:170
	src/fs_xfs.h:171
	src/fs_xfs.h:172
	src/fs_xfs.h:174
	src/types.h:31
autoscan: warning: missing AC_TYPE_UINT64_T wanted by: 
	src/fs_xfs.h:64
	src/fs_xfs.h:81
	src/fs_xfs.h:82
	src/fs_xfs.h:83
	src/fs_xfs.h:84
	src/fs_xfs.h:85
	src/fs_xfs.h:134
	src/fs_xfs.h:135
	src/fs_xfs.h:136
	src/fs_xfs.h:137
	src/types.h:33
autoscan: warning: missing AC_TYPE_UINT8_T wanted by: 
	src/fs_xfs.h:120
	src/fs_xfs.h:121
	src/fs_xfs.h:122
	src/fs_xfs.h:123
	src/fs_xfs.h:124
	src/fs_xfs.h:125
	src/fs_xfs.h:126
	src/fs_xfs.h:127
	src/fs_xfs.h:144
	src/fs_xfs.h:145
	src/fs_xfs.h:149
	src/fs_xfs.h:150
	src/types.h:27
